Determining if the function log exists failed with the following output:
Change Dir: /home/aperjump/Tutorial/build/CMakeFiles/CMakeTmp

Run Build Command:"/usr/bin/make" "cmTC_bee67/fast"
/usr/bin/make -f CMakeFiles/cmTC_bee67.dir/build.make CMakeFiles/cmTC_bee67.dir/build
make[1]: Entering directory '/home/aperjump/Tutorial/build/CMakeFiles/CMakeTmp'
Building C object CMakeFiles/cmTC_bee67.dir/CheckFunctionExists.c.o
/usr/bin/cc   -DCHECK_FUNCTION_EXISTS=log   -o CMakeFiles/cmTC_bee67.dir/CheckFunctionExists.c.o   -c /usr/share/cmake-3.10/Modules/CheckFunctionExists.c
<command-line>:0:23: warning: conflicting types for built-in function ‘log’ [-Wbuiltin-declaration-mismatch]
/usr/share/cmake-3.10/Modules/CheckFunctionExists.c:7:3: note: in expansion of macro ‘CHECK_FUNCTION_EXISTS’
   CHECK_FUNCTION_EXISTS(void);
   ^~~~~~~~~~~~~~~~~~~~~
Linking C executable cmTC_bee67
/usr/bin/cmake -E cmake_link_script CMakeFiles/cmTC_bee67.dir/link.txt --verbose=1
/usr/bin/cc  -DCHECK_FUNCTION_EXISTS=log    -rdynamic CMakeFiles/cmTC_bee67.dir/CheckFunctionExists.c.o  -o cmTC_bee67 
CMakeFiles/cmTC_bee67.dir/CheckFunctionExists.c.o: In function `main':
CheckFunctionExists.c:(.text+0x10): undefined reference to `log'
collect2: error: ld returned 1 exit status
CMakeFiles/cmTC_bee67.dir/build.make:97: recipe for target 'cmTC_bee67' failed
make[1]: *** [cmTC_bee67] Error 1
make[1]: Leaving directory '/home/aperjump/Tutorial/build/CMakeFiles/CMakeTmp'
Makefile:126: recipe for target 'cmTC_bee67/fast' failed
make: *** [cmTC_bee67/fast] Error 2


Determining if the function exp exists failed with the following output:
Change Dir: /home/aperjump/Tutorial/build/CMakeFiles/CMakeTmp

Run Build Command:"/usr/bin/make" "cmTC_5d901/fast"
/usr/bin/make -f CMakeFiles/cmTC_5d901.dir/build.make CMakeFiles/cmTC_5d901.dir/build
make[1]: Entering directory '/home/aperjump/Tutorial/build/CMakeFiles/CMakeTmp'
Building C object CMakeFiles/cmTC_5d901.dir/CheckFunctionExists.c.o
/usr/bin/cc   -DCHECK_FUNCTION_EXISTS=exp   -o CMakeFiles/cmTC_5d901.dir/CheckFunctionExists.c.o   -c /usr/share/cmake-3.10/Modules/CheckFunctionExists.c
<command-line>:0:23: warning: conflicting types for built-in function ‘exp’ [-Wbuiltin-declaration-mismatch]
/usr/share/cmake-3.10/Modules/CheckFunctionExists.c:7:3: note: in expansion of macro ‘CHECK_FUNCTION_EXISTS’
   CHECK_FUNCTION_EXISTS(void);
   ^~~~~~~~~~~~~~~~~~~~~
Linking C executable cmTC_5d901
/usr/bin/cmake -E cmake_link_script CMakeFiles/cmTC_5d901.dir/link.txt --verbose=1
/usr/bin/cc  -DCHECK_FUNCTION_EXISTS=exp    -rdynamic CMakeFiles/cmTC_5d901.dir/CheckFunctionExists.c.o  -o cmTC_5d901 
CMakeFiles/cmTC_5d901.dir/CheckFunctionExists.c.o: In function `main':
CheckFunctionExists.c:(.text+0x10): undefined reference to `exp'
collect2: error: ld returned 1 exit status
CMakeFiles/cmTC_5d901.dir/build.make:97: recipe for target 'cmTC_5d901' failed
make[1]: *** [cmTC_5d901] Error 1
make[1]: Leaving directory '/home/aperjump/Tutorial/build/CMakeFiles/CMakeTmp'
Makefile:126: recipe for target 'cmTC_5d901/fast' failed
make: *** [cmTC_5d901/fast] Error 2


